Exporter version: 2.80.1, Blender version: 2.92.0
========= Conversion from Blender to Babylon.js =========
	Scene settings used :
		Inline textures     :  false
		Material Type       :  PBR
		Positions Precision :  4
		Normals Precision   :  3
		UVs Precision       :  3
		Vert Color Precision:  3
		Mat Weight Precision:  2
		Keep Z-up r-handed  :  no
		Texture directory   :  C:\Users\nabil\OneDrive\Bureau\NEWGAME\docs\hello-world\texPack\mod1\models\cow\
	Python World class constructor completed
	WARNING: No active camera has been assigned, or is not in a currently selected Blender layer
	processing begun of mesh:  head
		processing begun of material:  m_1
			processing texture cow
				texture type:  diffuseTexture, mapped using: "UVMap"
		Custom split normals with tangents being used
		num positions      :  96
		num normals        :  96
		num tangents       :  384
		num uvs            :  192
		num uvs2           :  0
		num colors         :  0
		num triangles      :  36
	processing begun of mesh:  leg1
		processing begun of material:  m_1
		registered as also a user of material:  m_1
		Custom split normals with tangents being used
		num positions      :  32
		num normals        :  32
		num tangents       :  128
		num uvs            :  64
		num uvs2           :  0
		num colors         :  0
		num triangles      :  12
	processing begun of mesh:  leg2
		processing begun of material:  m_1
		registered as also a user of material:  m_1
		Custom split normals with tangents being used
		num positions      :  32
		num normals        :  32
		num tangents       :  128
		num uvs            :  64
		num uvs2           :  0
		num colors         :  0
		num triangles      :  12
	processing begun of mesh:  leg3
		processing begun of material:  m_1
		registered as also a user of material:  m_1
		Custom split normals with tangents being used
		num positions      :  32
		num normals        :  32
		num tangents       :  128
		num uvs            :  64
		num uvs2           :  0
		num colors         :  0
		num triangles      :  12
	processing begun of mesh:  leg4
		processing begun of material:  m_1
		registered as also a user of material:  m_1
		Custom split normals with tangents being used
		num positions      :  32
		num normals        :  32
		num tangents       :  128
		num uvs            :  64
		num uvs2           :  0
		num colors         :  0
		num triangles      :  12
	processing begun of mesh:  body
		processing begun of material:  m_1
		registered as also a user of material:  m_1
		Custom split normals with tangents being used
		num positions      :  64
		num normals        :  64
		num tangents       :  256
		num uvs            :  128
		num uvs2           :  0
		num colors         :  0
		num triangles      :  24
========= Writing of JSON file started =========
	writing mesh:  head
	writing mesh:  leg1
	writing mesh:  leg2
	writing mesh:  leg3
	writing mesh:  leg4
	writing mesh:  body
========= Writing of JSON file completed =========
========= end of processing =========
elapsed time:  0 min, 0.0211 secs
