Exporter version: 2.80.1, Blender version: 2.92.0
========= Conversion from Blender to Babylon.js =========
	Scene settings used :
		Inline textures     :  false
		Material Type       :  PBR
		Positions Precision :  4
		Normals Precision   :  3
		UVs Precision       :  3
		Vert Color Precision:  3
		Mat Weight Precision:  2
		Keep Z-up r-handed  :  no
		Texture directory   :  C:\Users\nabil\OneDrive\Bureau\NEWGAME\docs\hello-world\texPack\mod1\models\robot\
	Python World class constructor completed
	WARNING: No active camera has been assigned, or is not in a currently selected Blender layer
	processing begun of mesh:  head
		processing begun of material:  robot
			processing texture robot
				texture type:  diffuseTexture, mapped using: "UVMap"
		num positions      :  93
		num normals        :  93
		num tangents       :  0
		num uvs            :  186
		num uvs2           :  0
		num colors         :  0
		num triangles      :  36
	processing begun of mesh:  armR
		processing begun of material:  robot
		registered as also a user of material:  robot
		num positions      :  31
		num normals        :  31
		num tangents       :  0
		num uvs            :  62
		num uvs2           :  0
		num colors         :  0
		num triangles      :  12
	processing begun of mesh:  armL
		processing begun of material:  robot
		registered as also a user of material:  robot
		num positions      :  31
		num normals        :  31
		num tangents       :  0
		num uvs            :  62
		num uvs2           :  0
		num colors         :  0
		num triangles      :  12
	processing begun of mesh:  legL
		processing begun of material:  robot
		registered as also a user of material:  robot
		num positions      :  31
		num normals        :  31
		num tangents       :  0
		num uvs            :  62
		num uvs2           :  0
		num colors         :  0
		num triangles      :  12
	processing begun of mesh:  legR
		processing begun of material:  robot
		registered as also a user of material:  robot
		num positions      :  31
		num normals        :  31
		num tangents       :  0
		num uvs            :  62
		num uvs2           :  0
		num colors         :  0
		num triangles      :  12
	processing begun of mesh:  body
		processing begun of material:  robot
		registered as also a user of material:  robot
		num positions      :  31
		num normals        :  31
		num tangents       :  0
		num uvs            :  62
		num uvs2           :  0
		num colors         :  0
		num triangles      :  12
========= Writing of JSON file started =========
	writing mesh:  head
	writing mesh:  armR
	writing mesh:  armL
	writing mesh:  legL
	writing mesh:  legR
	writing mesh:  body
========= Writing of JSON file completed =========
========= end of processing =========
elapsed time:  0 min, 0.0239 secs
